<?xml version="1.0" encoding="UTF-8"?>
<!-- Generated by org.testng.reporters.JUnitReportReporter -->
<testsuite skipped="0" hostname="QSP-011" name="demo.jenkinsTest" tests="1" failures="0" timestamp="14 Nov 2017 09:55:56 GMT" time="0.011" errors="0">
  <testcase name="test" time="0.011" classname="demo.jenkinsTest"/>
</testsuite> <!-- demo.jenkinsTest -->
